ERROR - 2024-04-24 13:28:54 --> Error connecting to the database: mysqli_sql_exception: No connection could be made because the target machine actively refused it in C:\xampp\htdocs\Askify\system\Database\MySQLi\Connection.php:173
Stack trace:
#0 C:\xampp\htdocs\Askify\system\Database\MySQLi\Connection.php(173): mysqli->real_connect('localhost', 'root', Object(SensitiveParameterValue), 'project', 3306, '', 0)
#1 C:\xampp\htdocs\Askify\system\Database\BaseConnection.php(391): CodeIgniter\Database\MySQLi\Connection->connect(false)
#2 C:\xampp\htdocs\Askify\system\Database\BaseConnection.php(573): CodeIgniter\Database\BaseConnection->initialize()
#3 C:\xampp\htdocs\Askify\system\Database\BaseBuilder.php(1601): CodeIgniter\Database\BaseConnection->query('SELECT *\nFROM `...', Array, false)
#4 C:\xampp\htdocs\Askify\system\Model.php(267): CodeIgniter\Database\BaseBuilder->get()
#5 C:\xampp\htdocs\Askify\system\BaseModel.php(656): CodeIgniter\Model->doFirst()
#6 C:\xampp\htdocs\Askify\app\Models\VisitorModel.php(16): CodeIgniter\BaseModel->first()
#7 C:\xampp\htdocs\Askify\app\Controllers\Home.php(12): App\Models\VisitorModel->trackVisitor('::1')
#8 C:\xampp\htdocs\Askify\system\CodeIgniter.php(934): App\Controllers\Home->index()
#9 C:\xampp\htdocs\Askify\system\CodeIgniter.php(499): CodeIgniter\CodeIgniter->runController(Object(App\Controllers\Home))
#10 C:\xampp\htdocs\Askify\system\CodeIgniter.php(368): CodeIgniter\CodeIgniter->handleRequest(NULL, Object(Config\Cache), false)
#11 C:\xampp\htdocs\Askify\public\index.php(67): CodeIgniter\CodeIgniter->run()
#12 C:\xampp\htdocs\Askify\system\Commands\Server\rewrite.php(47): require_once('C:\\xampp\\htdocs...')
#13 {main}

Next CodeIgniter\Database\Exceptions\DatabaseException: No connection could be made because the target machine actively refused it in C:\xampp\htdocs\Askify\system\Database\MySQLi\Connection.php:218
Stack trace:
#0 C:\xampp\htdocs\Askify\system\Database\BaseConnection.php(391): CodeIgniter\Database\MySQLi\Connection->connect(false)
#1 C:\xampp\htdocs\Askify\system\Database\BaseConnection.php(573): CodeIgniter\Database\BaseConnection->initialize()
#2 C:\xampp\htdocs\Askify\system\Database\BaseBuilder.php(1601): CodeIgniter\Database\BaseConnection->query('SELECT *\nFROM `...', Array, false)
#3 C:\xampp\htdocs\Askify\system\Model.php(267): CodeIgniter\Database\BaseBuilder->get()
#4 C:\xampp\htdocs\Askify\system\BaseModel.php(656): CodeIgniter\Model->doFirst()
#5 C:\xampp\htdocs\Askify\app\Models\VisitorModel.php(16): CodeIgniter\BaseModel->first()
#6 C:\xampp\htdocs\Askify\app\Controllers\Home.php(12): App\Models\VisitorModel->trackVisitor('::1')
#7 C:\xampp\htdocs\Askify\system\CodeIgniter.php(934): App\Controllers\Home->index()
#8 C:\xampp\htdocs\Askify\system\CodeIgniter.php(499): CodeIgniter\CodeIgniter->runController(Object(App\Controllers\Home))
#9 C:\xampp\htdocs\Askify\system\CodeIgniter.php(368): CodeIgniter\CodeIgniter->handleRequest(NULL, Object(Config\Cache), false)
#10 C:\xampp\htdocs\Askify\public\index.php(67): CodeIgniter\CodeIgniter->run()
#11 C:\xampp\htdocs\Askify\system\Commands\Server\rewrite.php(47): require_once('C:\\xampp\\htdocs...')
#12 {main}
CRITICAL - 2024-04-24 13:28:54 --> Unable to connect to the database.
Main connection [MySQLi]: No connection could be made because the target machine actively refused it
in SYSTEMPATH\Database\BaseConnection.php on line 427.
 1 SYSTEMPATH\Database\BaseConnection.php(573): CodeIgniter\Database\BaseConnection->initialize()
 2 SYSTEMPATH\Database\BaseBuilder.php(1601): CodeIgniter\Database\BaseConnection->query('SELECT *
FROM `visitors`
WHERE `ip_address` = :ip_address:
 LIMIT 1', [...], false)
 3 SYSTEMPATH\Model.php(267): CodeIgniter\Database\BaseBuilder->get()
 4 SYSTEMPATH\BaseModel.php(656): CodeIgniter\Model->doFirst()
 5 APPPATH\Models\VisitorModel.php(16): CodeIgniter\BaseModel->first()
 6 APPPATH\Controllers\Home.php(12): App\Models\VisitorModel->trackVisitor('::1')
 7 SYSTEMPATH\CodeIgniter.php(934): App\Controllers\Home->index()
 8 SYSTEMPATH\CodeIgniter.php(499): CodeIgniter\CodeIgniter->runController(Object(App\Controllers\Home))
 9 SYSTEMPATH\CodeIgniter.php(368): CodeIgniter\CodeIgniter->handleRequest(null, Object(Config\Cache), false)
10 FCPATH\index.php(67): CodeIgniter\CodeIgniter->run()
11 SYSTEMPATH\Commands\Server\rewrite.php(47): require_once('FCPATH\\index.php')
ERROR - 2024-04-24 13:29:05 --> Error connecting to the database: mysqli_sql_exception: No connection could be made because the target machine actively refused it in C:\xampp\htdocs\Askify\system\Database\MySQLi\Connection.php:173
Stack trace:
#0 C:\xampp\htdocs\Askify\system\Database\MySQLi\Connection.php(173): mysqli->real_connect('localhost', 'root', Object(SensitiveParameterValue), 'project', 3306, '', 0)
#1 C:\xampp\htdocs\Askify\system\Database\BaseConnection.php(391): CodeIgniter\Database\MySQLi\Connection->connect(false)
#2 C:\xampp\htdocs\Askify\system\Database\BaseConnection.php(573): CodeIgniter\Database\BaseConnection->initialize()
#3 C:\xampp\htdocs\Askify\system\Database\BaseBuilder.php(1601): CodeIgniter\Database\BaseConnection->query('SELECT `users`....', Array, false)
#4 C:\xampp\htdocs\Askify\system\Model.php(240): CodeIgniter\Database\BaseBuilder->get()
#5 C:\xampp\htdocs\Askify\system\BaseModel.php(618): CodeIgniter\Model->doFindAll(0, 0)
#6 C:\xampp\htdocs\Askify\app\Controllers\HomepageController.php(41): CodeIgniter\BaseModel->findAll()
#7 C:\xampp\htdocs\Askify\system\CodeIgniter.php(934): App\Controllers\HomepageController->getQuestions()
#8 C:\xampp\htdocs\Askify\system\CodeIgniter.php(499): CodeIgniter\CodeIgniter->runController(Object(App\Controllers\HomepageController))
#9 C:\xampp\htdocs\Askify\system\CodeIgniter.php(368): CodeIgniter\CodeIgniter->handleRequest(NULL, Object(Config\Cache), false)
#10 C:\xampp\htdocs\Askify\public\index.php(67): CodeIgniter\CodeIgniter->run()
#11 C:\xampp\htdocs\Askify\system\Commands\Server\rewrite.php(47): require_once('C:\\xampp\\htdocs...')
#12 {main}

Next CodeIgniter\Database\Exceptions\DatabaseException: No connection could be made because the target machine actively refused it in C:\xampp\htdocs\Askify\system\Database\MySQLi\Connection.php:218
Stack trace:
#0 C:\xampp\htdocs\Askify\system\Database\BaseConnection.php(391): CodeIgniter\Database\MySQLi\Connection->connect(false)
#1 C:\xampp\htdocs\Askify\system\Database\BaseConnection.php(573): CodeIgniter\Database\BaseConnection->initialize()
#2 C:\xampp\htdocs\Askify\system\Database\BaseBuilder.php(1601): CodeIgniter\Database\BaseConnection->query('SELECT `users`....', Array, false)
#3 C:\xampp\htdocs\Askify\system\Model.php(240): CodeIgniter\Database\BaseBuilder->get()
#4 C:\xampp\htdocs\Askify\system\BaseModel.php(618): CodeIgniter\Model->doFindAll(0, 0)
#5 C:\xampp\htdocs\Askify\app\Controllers\HomepageController.php(41): CodeIgniter\BaseModel->findAll()
#6 C:\xampp\htdocs\Askify\system\CodeIgniter.php(934): App\Controllers\HomepageController->getQuestions()
#7 C:\xampp\htdocs\Askify\system\CodeIgniter.php(499): CodeIgniter\CodeIgniter->runController(Object(App\Controllers\HomepageController))
#8 C:\xampp\htdocs\Askify\system\CodeIgniter.php(368): CodeIgniter\CodeIgniter->handleRequest(NULL, Object(Config\Cache), false)
#9 C:\xampp\htdocs\Askify\public\index.php(67): CodeIgniter\CodeIgniter->run()
#10 C:\xampp\htdocs\Askify\system\Commands\Server\rewrite.php(47): require_once('C:\\xampp\\htdocs...')
#11 {main}
CRITICAL - 2024-04-24 13:29:05 --> Unable to connect to the database.
Main connection [MySQLi]: No connection could be made because the target machine actively refused it
in SYSTEMPATH\Database\BaseConnection.php on line 427.
 1 SYSTEMPATH\Database\BaseConnection.php(573): CodeIgniter\Database\BaseConnection->initialize()
 2 SYSTEMPATH\Database\BaseBuilder.php(1601): CodeIgniter\Database\BaseConnection->query('SELECT `users`.`name`, `question`.`id`, `question`.`title`, `question`.`Hidden`, `question`.`description`, `question`.`category_id`, `question`.`user_id`, `question`.`likes`, `question`.`media`
FROM `question`
JOIN `users` ON `question`.`user_id` = `users`.`id`', [], false)
 3 SYSTEMPATH\Model.php(240): CodeIgniter\Database\BaseBuilder->get()
 4 SYSTEMPATH\BaseModel.php(618): CodeIgniter\Model->doFindAll(0, 0)
 5 APPPATH\Controllers\HomepageController.php(41): CodeIgniter\BaseModel->findAll()
 6 SYSTEMPATH\CodeIgniter.php(934): App\Controllers\HomepageController->getQuestions()
 7 SYSTEMPATH\CodeIgniter.php(499): CodeIgniter\CodeIgniter->runController(Object(App\Controllers\HomepageController))
 8 SYSTEMPATH\CodeIgniter.php(368): CodeIgniter\CodeIgniter->handleRequest(null, Object(Config\Cache), false)
 9 FCPATH\index.php(67): CodeIgniter\CodeIgniter->run()
10 SYSTEMPATH\Commands\Server\rewrite.php(47): require_once('FCPATH\\index.php')
